<?xml version="1.0" encoding="UTF-8"?>
<testng-results skipped="0" failed="0" ignored="0" total="1" passed="1">
  <reporter-output>
  </reporter-output>
  <suite name="Default suite" duration-ms="49" started-at="2020-03-21T19:37:32 IST" finished-at="2020-03-21T19:37:32 IST">
    <groups>
    </groups>
    <test name="Default test" duration-ms="49" started-at="2020-03-21T19:37:32 IST" finished-at="2020-03-21T19:37:32 IST">
      <class name="March21">
        <test-method status="PASS" signature="arrayloop()[pri:0, instance:March21@5c5a1b69]" name="arrayloop" duration-ms="17" started-at="2020-03-21T19:37:32 IST" finished-at="2020-03-21T19:37:32 IST">
          <reporter-output>
          </reporter-output>
        </test-method> <!-- arrayloop -->
      </class> <!-- March21 -->
    </test> <!-- Default test -->
  </suite> <!-- Default suite -->
</testng-results>
